(---------------------------------------------------------------------)
(                                                                     )
(    Allegro Netrev Import Logic                                      )
(                                                                     )
(    Drawing          : arduino_uno_r3.brd                            )
(    Software Version : 17.2P019                                      )
(    Date/Time        : Fri Aug 02 14:37:21 2019                      )
(                                                                     )
(---------------------------------------------------------------------)


------ Directives ------------

Ripup etch:                  No
Ripup delete first segment:  No
Ripup retain bondwire:       No
Ripup symbols:               Always
Missing symbol has error:    No
DRC update:                  Yes
Schematic directory:         'C:\USERS\USER\DESKTOP\ADUINO_UNO1\allegro'
Design Directory:            '.'
Old design name:             'C:/Users/user/Desktop/arduino_uno_r3/arduino_uno_r3.brd'
New design name:             'ADUINO_UNO.brd'

CmdLine: netrev.exe -y 1 -i C:\USERS\USER\DESKTOP\ADUINO_UNO1\allegro C:\Users\user\Desktop\arduino_uno_r3\arduino_uno_r3.brd C:\USERS\USER\DESKTOP\ADUINO_UNO1\allegro\ADUINO_UNO.brd

------ Preparing to read pst files ------

Starting to read C:/USERS/USER/DESKTOP/ADUINO_UNO1/allegro/pstchip.dat 
   Finished reading C:/USERS/USER/DESKTOP/ADUINO_UNO1/allegro/pstchip.dat (00:00:00.06)
Starting to read C:/USERS/USER/DESKTOP/ADUINO_UNO1/allegro/pstxprt.dat 
   Finished reading C:/USERS/USER/DESKTOP/ADUINO_UNO1/allegro/pstxprt.dat (00:00:00.00)
Starting to read C:/USERS/USER/DESKTOP/ADUINO_UNO1/allegro/pstxnet.dat 
   Finished reading C:/USERS/USER/DESKTOP/ADUINO_UNO1/allegro/pstxnet.dat (00:00:00.00)

------ Oversights/Warnings/Errors ------


------ Library Paths ------
MODULEPATH =  . 
           C:/Cadence/SPB_17.2/share/local/pcb/modules 

PSMPATH =  . 
           symbols 
           .. 
           ../symbols 
           C:/Cadence/SPB_17.2/share/local/pcb/symbols 
           C:/Cadence/SPB_17.2/share/pcb/pcb_lib/symbols 
           C:/Cadence/SPB_17.2/share/pcb/allegrolib/symbols 
           C:/Users/user/Desktop/work/pcb_lib/psm/ 

PADPATH =  . 
           symbols 
           .. 
           ../symbols 
           C:/Cadence/SPB_17.2/share/local/pcb/padstacks 
           C:/Cadence/SPB_17.2/share/pcb/pcb_lib/symbols 
           C:/Cadence/SPB_17.2/share/pcb/allegrolib/symbols 
           C:/Users/user/Desktop/work/pcb_lib/pad/ 


------ Summary Statistics ------


netrev run on Aug 2 14:37:21 2019
   DESIGN NAME : 'ADUINO_UNO'
   PACKAGING ON Mar  2 2016 00:37:24

   COMPILE 'logic'
   CHECK_PIN_NAMES OFF
   CROSS_REFERENCE OFF
   FEEDBACK OFF
   INCREMENTAL OFF
   INTERFACE_TYPE PHYSICAL
   MAX_ERRORS 500
   MERGE_MINIMUM 5
   NET_NAME_CHARS '#%&()*+-./:=>?@[]^_`|'
   NET_NAME_LENGTH 24
   OVERSIGHTS ON
   REPLACE_CHECK OFF
   SINGLE_NODE_NETS ON
   SPLIT_MINIMUM 0
   SUPPRESS   20
   WARNINGS ON

 No error detected
 No oversight detected
 No warning detected

cpu time      0:01:18
elapsed time  0:00:00

