(---------------------------------------------------------------------)
(                                                                     )
(    QUICKPLACE LOG                                                   )
(                                                                     )
(    Drawing          : ADUINO_UNO.brd                                )
(    Software Version : 17.2P028                                      )
(    Date/Time        : Fri Aug 02 14:37:34 2019                      )
(                                                                     )
(---------------------------------------------------------------------)


State: Placing on layer TOP

         Placed symbol:  IC1 / ATMEGA8-TQFP32_1_MY_ATMEGA328_A / MY_ATMEGA328 at (9.7622 53.0622)
         Placed symbol:  IC2 / ATMEGA8-TQFP32_0_MY_ATMEGA328_A / MY_ATMEGA328 at (19.0834 53.0622)
         Placed symbol:  J5 / CON10_SIP10_10*1F-H8.5 / SIP10 at (26.4872 72.6332)
         Placed symbol:  J8 / CON8_SIP8_8X1F-H8.5 / SIP8 at (29.8146 67.5532)
         Placed symbol:  U7 / LM358_DIP8_3_LM358 / DIP8_3 at (33.1928 57.3932)
         Placed symbol:  J1 / CON8_SIP8_8*1F-88.5 / SIP8 at (44.1402 67.5532)
         Placed symbol:  J7 / CON6_1_SIP6_6X1F-H8.5 / SIP6 at (48.1026 62.4732)
         Placed symbol:  ICSP1 / CON6A_MY_6PINHEADER_3X2 M / MY_6PINHEADER at (54.0458 52.7282)
         Placed symbol:  X2 / CON6_5_USB_B_USB-B_TH / USB_B at (15.2672 82.2514)
         Placed symbol:  J4 / CON6A_MY_6PINHEADER_3*2 M / MY_6PINHEADER at (26.6104 78.9664)
         Placed symbol:  U2 / LP2957/TO_0_MY_2985_LP2985-33DR / MY_2985 at (33.7080 76.2654)
         Placed symbol:  SW1 / SW PUSHBUTTON-SPST-2_SW4PIN_SW / SW4PIN at (40.6156 77.9864)
         Placed symbol:  U1 / BA17805FP/TO_3_MY_NCP_NCP1117ST / MY_NCP at (48.3188 78.3414)
         Placed symbol:  JP2 / CON4A_JUMPER4_2*2 M- NM / JUMPER4 at (6.4732 88.1186)
         Placed symbol:  T1 / EMOS-PD_SOT89_FDN340P / SOT89 at (16.7094 87.4328)
         Placed symbol:  Y2 / CSTCE8M00G52-R0_MY_XTALC_CSTCE1 / MY_XTALC at (23.3998 87.6446)
         Placed symbol:  X1 / BA17805FP/TO_8_MY_POWER2_POWERS / MY_POWER2 at (28.3830 88.7696)
         Placed symbol:  RESET-FM / SW PUSHBUTTON_SMC0603_SW PUSHBU / SMC0603 at (37.4217 87.4963)
         Placed symbol:  C8 / CAP NP_CAPCK05_1U / CAPCK05 at (41.1428 87.8646)
         Placed symbol:  C3 / CAP NP_CAPCK05_1U / CAPCK05 at (43.8860 87.8646)
         Placed symbol:  C11 / CAP NP_CAPCK05_22P / CAPCK05 at (46.6292 87.8646)
         Placed symbol:  GROUND / SW PUSHBUTTON_SMC0603_SW PUSHBU / SMC0603 at (48.9279 87.4963)
         Placed symbol:  C9 / CAP NP_CAPCK05_22P / CAPCK05 at (52.6490 87.8646)
         Placed symbol:  C5 / CAP NP_CAPCK05_100N / CAPCK05 at (55.3922 87.8646)
         Placed symbol:  C7 / CAP NP_CAPCK05_100N / CAPCK05 at (58.1354 87.8646)
         Placed symbol:  F1 / FUSE_FUSM1812X02_MF-MSMF050-2 5 / FUSM1812X02 at (8.8296 93.7978)
         Placed symbol:  L / LED_SML0805_YELLOW / SML0805 at (12.9234 93.1900)
         Placed symbol:  C2 / CAP NP_CAPCK05_100N / CAPCK05 at (17.3684 93.3678)
         Placed symbol:  C6 / CAP NP_CAPCK05_100N / CAPCK05 at (20.1116 93.3678)
         Placed symbol:  C1 / CAP NP_CAPCK05_100N / CAPCK05 at (22.8548 93.3678)
         Placed symbol:  C4 / CAP NP_CAPCK05_100N / CAPCK05 at (25.5980 93.3678)
         Placed symbol:  D3 / DIODE_DO41_CD1206-S01575 / DO41 at (28.5952 93.2408)
         Placed symbol:  D1 / DIODE_DO41_M7 / DO41 at (31.8464 93.2408)
         Placed symbol:  R1 / R2_SMDRES_1M / SMDRES at (35.9866 92.9868)
         Placed symbol:  R2 / R2_SMDRES_1M / SMDRES at (40.9523 92.9868)
         Placed symbol:  RN1A / R2_SMDRES_10K / SMDRES at (45.9180 92.9868)
         Placed symbol:  RN1B / R2_SMDRES_10K / SMDRES at (50.8837 92.9868)
         Placed symbol:  RN1C / R2_SMDRES_10K / SMDRES at (55.8494 92.9868)
         Placed symbol:  RN1D / R2_SMDRES_10K / SMDRES at (60.8151 92.9868)
         Placed symbol:  RN2A / R2_SMDRES_1K / SMDRES at (7.6162 105.3820)
         Placed symbol:  RN2B / R2_SMDRES_1K / SMDRES at (12.5819 105.3820)
         Placed symbol:  RN2C / R2_SMDRES_1K / SMDRES at (17.5476 105.3820)
         Placed symbol:  RN2D / R2_SMDRES_1K / SMDRES at (22.5133 105.3820)
         Placed symbol:  RN4A / R2_SMDRES_1K / SMDRES at (27.4790 105.3820)
         Placed symbol:  RN4B / R2_SMDRES_1K / SMDRES at (32.4447 105.3820)
         Placed symbol:  RN4C / R2_SMDRES_1K / SMDRES at (37.4104 105.3820)
         Placed symbol:  RN4D / R2_SMDRES_1K / SMDRES at (42.3761 105.3820)
         Placed symbol:  RN3A / R2_SMDRES_22 / SMDRES at (47.3418 105.3820)
         Placed symbol:  RN3D / R2_SMDRES_22 / SMDRES at (52.3075 105.3820)
         Placed symbol:  RN3B / R2_SMDRES_RN3C / SMDRES at (57.2732 105.3820)
         Placed symbol:  PC1 / CAP POL_CAP196_47U / CAP196 at (7.9972 107.7442)
         Placed symbol:  CD120 / DIODE_0_DO41_DIODE / DO41 at (12.5184 107.6172)
         Placed symbol:  PC2 / CAP POL_CAP196_47U / CAP196 at (17.0396 107.7442)
         Placed symbol:  RX / LED_SML0805_YELLOW / SML0805 at (21.0274 107.5664)
         Placed symbol:  TX / LED_SML0805_YELLOW / SML0805 at (25.1930 107.5664)
         Placed symbol:  22R / R2_SMDRES_22R / SMDRES at (30.7810 107.3632)
         Placed symbol:  L1 / BEAD_BEADC2012X87N_BLM21 / BEADC2012X87N at (35.9001 107.4882)
         Placed symbol:  Y1 / ZTA_MY_XTAL_16MHZ / MY_XTAL at (45.5633 108.6242)
         Placed symbol:  ON / LED_SML0805_GREEN / SML0805 at (54.5071 107.5664)
         Placed symbol:  Z1 / VARISTOR_R0603_CG0603MLC-05E / R0603 at (58.3806 107.9347)
         Placed symbol:  Z2 / VARISTOR_R0603_CG0603MLC-05E / R0603 at (59.9808 107.9347)


Placed 61 of 61 applicable (61 total) symbols.

-----------------------------------------------------------------------

